Determining if the pthread_create exist failed with the following output:
Change Dir: /home/vinicius/Dropbox/arv/projetos/mestradocomp/Dissertacao/mmaster_hydro/catkin_ws/build/CMakeFiles/CMakeTmp

Run Build Command:/usr/bin/make "cmTryCompileExec1222715694/fast"
/usr/bin/make -f CMakeFiles/cmTryCompileExec1222715694.dir/build.make CMakeFiles/cmTryCompileExec1222715694.dir/build
make[1]: Entering directory `/home/vinicius/Dropbox/arv/projetos/mestradocomp/Dissertacao/mmaster_hydro/catkin_ws/build/CMakeFiles/CMakeTmp'
/usr/bin/cmake -E cmake_progress_report /home/vinicius/Dropbox/arv/projetos/mestradocomp/Dissertacao/mmaster_hydro/catkin_ws/build/CMakeFiles/CMakeTmp/CMakeFiles 1
Building C object CMakeFiles/cmTryCompileExec1222715694.dir/CheckSymbolExists.c.o
/usr/bin/cc    -o CMakeFiles/cmTryCompileExec1222715694.dir/CheckSymbolExists.c.o   -c /home/vinicius/Dropbox/arv/projetos/mestradocomp/Dissertacao/mmaster_hydro/catkin_ws/build/CMakeFiles/CMakeTmp/CheckSymbolExists.c
Linking C executable cmTryCompileExec1222715694
/usr/bin/cmake -E cmake_link_script CMakeFiles/cmTryCompileExec1222715694.dir/link.txt --verbose=1
/usr/bin/cc         CMakeFiles/cmTryCompileExec1222715694.dir/CheckSymbolExists.c.o  -o cmTryCompileExec1222715694 -rdynamic 
CMakeFiles/cmTryCompileExec1222715694.dir/CheckSymbolExists.c.o: In function `main':
CheckSymbolExists.c:(.text+0x16): undefined reference to `pthread_create'
collect2: error: ld returned 1 exit status
make[1]: *** [cmTryCompileExec1222715694] Error 1
make[1]: Leaving directory `/home/vinicius/Dropbox/arv/projetos/mestradocomp/Dissertacao/mmaster_hydro/catkin_ws/build/CMakeFiles/CMakeTmp'
make: *** [cmTryCompileExec1222715694/fast] Error 2

File /home/vinicius/Dropbox/arv/projetos/mestradocomp/Dissertacao/mmaster_hydro/catkin_ws/build/CMakeFiles/CMakeTmp/CheckSymbolExists.c:
/* */
#include <pthread.h>

int main(int argc, char** argv)
{
  (void)argv;
#ifndef pthread_create
  return ((int*)(&pthread_create))[argc];
#else
  (void)argc;
  return 0;
#endif
}

Determining if the function pthread_create exists in the pthreads failed with the following output:
Change Dir: /home/vinicius/Dropbox/arv/projetos/mestradocomp/Dissertacao/mmaster_hydro/catkin_ws/build/CMakeFiles/CMakeTmp

Run Build Command:/usr/bin/make "cmTryCompileExec2303384931/fast"
/usr/bin/make -f CMakeFiles/cmTryCompileExec2303384931.dir/build.make CMakeFiles/cmTryCompileExec2303384931.dir/build
make[1]: Entering directory `/home/vinicius/Dropbox/arv/projetos/mestradocomp/Dissertacao/mmaster_hydro/catkin_ws/build/CMakeFiles/CMakeTmp'
/usr/bin/cmake -E cmake_progress_report /home/vinicius/Dropbox/arv/projetos/mestradocomp/Dissertacao/mmaster_hydro/catkin_ws/build/CMakeFiles/CMakeTmp/CMakeFiles 1
Building C object CMakeFiles/cmTryCompileExec2303384931.dir/CheckFunctionExists.c.o
/usr/bin/cc   -DCHECK_FUNCTION_EXISTS=pthread_create   -o CMakeFiles/cmTryCompileExec2303384931.dir/CheckFunctionExists.c.o   -c /usr/share/cmake-2.8/Modules/CheckFunctionExists.c
Linking C executable cmTryCompileExec2303384931
/usr/bin/cmake -E cmake_link_script CMakeFiles/cmTryCompileExec2303384931.dir/link.txt --verbose=1
/usr/bin/cc     -DCHECK_FUNCTION_EXISTS=pthread_create    CMakeFiles/cmTryCompileExec2303384931.dir/CheckFunctionExists.c.o  -o cmTryCompileExec2303384931 -rdynamic -lpthreads 
/usr/bin/ld: cannot find -lpthreads
collect2: error: ld returned 1 exit status
make[1]: Leaving directory `/home/vinicius/Dropbox/arv/projetos/mestradocomp/Dissertacao/mmaster_hydro/catkin_ws/build/CMakeFiles/CMakeTmp'
make[1]: *** [cmTryCompileExec2303384931] Error 1
make: *** [cmTryCompileExec2303384931/fast] Error 2


